<?xml version="1.0" encoding="UTF-8"?>
<!-- Generated by org.testng.reporters.JUnitReportReporter -->
<testsuite skipped="0" hostname="DESKTOP-EDQM8R1" name="com.data.driven.DataDrivenTest" tests="1" failures="0" timestamp="2020-09-02T23:24:32 CDT" time="5.184" errors="0">
  <testcase name="dataDrivenTest" time="5.184" classname="com.data.driven.DataDrivenTest"/>
  <system-out/>
</testsuite> <!-- com.data.driven.DataDrivenTest -->
